
> start
> npm run start:local


> start:local
> webpack-dev-server --mode development --env.proxy local

[31m✖[39m [90m｢wds｣[39m:  Error: listen EADDRINUSE: address already in use ::1:3000
    at Server.setupListenHandle [as _listen2] (node:net:1898:16)
    at listenInCluster (node:net:1946:12)
    at GetAddrInfoReqWrap.doListen [as callback] (node:net:2116:7)
    at GetAddrInfoReqWrap.onlookup [as oncomplete] (node:dns:111:8) {
  code: 'EADDRINUSE',
  errno: -48,
  syscall: 'listen',
  address: '::1',
  port: 3000
}
[34mℹ[39m [90m｢wdm｣[39m: Hash: d5a64666dae1a8eac417
Version: webpack 4.47.0
Time: 13646ms
Built at: 11/07/2025 10:59:05 AM
                       Asset      Size  Chunks                         Chunk Names
                ./index.html  3.13 KiB          [emitted]              
main.e03525ce9455b268398a.js  36.5 MiB    main  [emitted] [immutable]  main
Entrypoint main = main.e03525ce9455b268398a.js
[0] multi (webpack)-dev-server/client?http://localhost:3000 ./src/main/react 40 bytes {main} [built]
[./node_modules/@babel/runtime/helpers/asyncToGenerator.js] 879 bytes {main} [built]
[./node_modules/@babel/runtime/helpers/defineProperty.js] 444 bytes {main} [built]
[./node_modules/@babel/runtime/regenerator/index.js] 448 bytes {main} [built]
[./node_modules/react-dom/index.js] 1.33 KiB {main} [built]
[./node_modules/react/index.js] 190 bytes {main} [built]
[./node_modules/webpack-dev-server/client/index.js?http://localhost:3000] (webpack)-dev-server/client?http://localhost:3000 4.29 KiB {main} [built]
[./node_modules/webpack-dev-server/client/overlay.js] (webpack)-dev-server/client/overlay.js 3.52 KiB {main} [built]
[./node_modules/webpack-dev-server/client/socket.js] (webpack)-dev-server/client/socket.js 1.53 KiB {main} [built]
[./node_modules/webpack-dev-server/client/utils/createSocketUrl.js] (webpack)-dev-server/client/utils/createSocketUrl.js 2.91 KiB {main} [built]
[./node_modules/webpack-dev-server/client/utils/log.js] (webpack)-dev-server/client/utils/log.js 964 bytes {main} [built]
[./node_modules/webpack-dev-server/client/utils/reloadApp.js] (webpack)-dev-server/client/utils/reloadApp.js 1.59 KiB {main} [built]
[./node_modules/webpack-dev-server/client/utils/sendMessage.js] (webpack)-dev-server/client/utils/sendMessage.js 402 bytes {main} [built]
[./node_modules/webpack-dev-server/node_modules/strip-ansi/index.js] (webpack)-dev-server/node_modules/strip-ansi/index.js 161 bytes {main} [built]
[./src/main/react/index.js] 2.17 KiB {main} [built]
    + 7248 hidden modules
Child html-webpack-plugin for "index.html":
     1 asset
    Entrypoint undefined = ./index.html
    [./node_modules/@flock-community/flock-eco-webpack/node_modules/html-webpack-plugin/lib/loader.js!./src/main/react/index.html] 3.37 KiB {0} [built]
    [./node_modules/lodash/lodash.js] 531 KiB {0} [built]
    [./node_modules/webpack/buildin/global.js] (webpack)/buildin/global.js 472 bytes {0} [built]
    [./node_modules/webpack/buildin/module.js] (webpack)/buildin/module.js 497 bytes {0} [built]
[34mℹ[39m [90m｢wdm｣[39m: Compiled successfully.
